[    0.000000] Linux version 4.15.0-39-generic (buildd@lgw01-amd64-054) (gcc version 7..0 (Ubuntu 7.3.0-16ubuntu3)) #42-Ubuntu SMP Tue Oct 23 15:48:01 UTC 2018 (Ubuntu 4.15.0-39.42-generic 4.15.18)
[    0.000000] Command line: BOOT_IMAGE=/boot/vmlinuz-4.15.0-39-generic root=UUID=35dd8d0d-6b18-4f03-bb7f-85f521e74694 ro console=tty1 console=ttyS0
[    0.000000] KERNEL supported cpus:
[    0.000000]   Intel GenuineIntel
[    0.000000]   AMD AuthenticAMD
[    0.000000]   Centaur CentaurHauls
[    0.000000] x86/fpu: Supporting XSAVE feature 0x001: 'x87 floating point registers'
[    0.000000] x86/fpu: Supporting XSAVE feature 0x002: 'SSE registers'
[    0.000000] x86/fpu: Supporting XSAVE feature 0x004: 'AVX registers'
[    0.000000] x86/fpu: xstate_offset[2]:  576, xstate_sizes[2]:  256
[    0.000000] x86/fpu: Enabled xstate features 0x7, context size is 832 bytes, using 'standard' format.
[    0.000000] e820: BIOS-providedphysical RAM map:
[    0.000000] BIOS-e820: [mem 0x0000000000000000-0x000000000009fbff] usable
[    0.000000] BIOS-e820: [mem 0x000000000009fc00-0x000000000009ffff] reserved
[    0.000000] BIOS-e820: [mem 0x00000000000f0000-0x00000000000fffff] reserved
[    0.000000] BOS-e82: [mem 0x0000000000100000-0x000000003ffeffff] usable
[    0.000000] BIOS-e820: [mem 0x000000003fff0000-0x000000003fffffff] ACPI data
[    0.000000] BIOS-e820: [mem 0x00000000fec00000-0x00000000fec00fff] reserved
[    0.000000] BIOS-e820: [mem 0x00000000fee00000-0x00000000fee00fff] reserved
[    0.000000] BIOS-e820: [mem 0x00000000fffc0000-0x00000000ffffffff] reserved
[    0.000000] NX (Execute Disable) protection: active
[    0.000000] SMBIOS 2.5 present.
[    0.000000] DMI: innotek GmbH VirtualBox/VirtualBox, BIOS VirtualBox 12/01/2006
[    0.00000] Hypervisor detected: KVM
[    0.000000] e820: last_ppfn = 0x3fff0 max_arch_pfn = 0x400000000
[    0.000000] MTRR: Disabled
[    0.000000] x86/PAT: MTRRs disabled, skippin PAT initialization too.
[    0.000000] CPU MTRRs all blank - virtualized system.
[    0.000000] x86/PAT: Configuration [0-7]: WB  WT  UC- UC  WB  WT  UC- UC  
[    0.000000] found SMP MP-table at [mem 0x0009fff0-0x0009ffff] mapped at [        (ptrval)]
[   0.000000] Scanning 1 areas for low memory corruption
[    0.000000] RAMDISK: [mem 0x359d1000-0x36cdffff]
[    0.000000] ACPI: Early table checksum verification disabled
[    0.000000] ACPI: RSDP 0x00000000000E0000 000024 (v02 VBOX  )
[   0.000000] ACPI: XSDT 0x000000003FFF0030 00003C (v01 VBOX   VBOXXSDT 00000001 ASL  00000061)
[    0.000000] ACPI: FACP 0x000000003FFF00F0 0000F4 (v04 VBOX   VBOXFACP 00000001 ASL  00000061)
[    0.000000] ACPI: DSDT 0x000000003FFF0470 0021FF (v02 VBOX   VBOXBIOS 00000002 INTL 20100528)
[    0.000000] ACPI: FACS 0x000000003FFF0200 000040
[    0.000000] ACPI: FACS 0x000000003FFF0200 000040
[    0.000000] ACPI: APIC 0x000000003FFF0240 00005C (v02 VBOX   VBOXAPIC 00000001 ASL  00000061)
[    0.000000] ACPI: SSDT 0x000000003FFF02A0 0001CC (v01 VBOX   VBOXCPUT 00000002 INTL 20100528)
[    0.000000] No NUMA configuration found
[    0.000000] Faking a node at [mem 0x0000000000000000-0x000000003ffeffff]
[    0.000000] NODE_DATA(0) allocated [mem 0x3ffc5000-0x3ffeffff]
[    0.000000] kvm-clock: cpu 0, msr 0:3ff44001, primary cpu clock
[    0.000000] kvm-clock: Using msrs 4b564d01 and 4b564d00
[    0.000000] kvm-clock: using sched offset of 50777321855 cycles
[    0.000000] clocksource: kvm-clock: mask: 0xffffffffffffffff max_cycles: 0x1cd42e4dffb, max_idle_ns: 881590591483 s
[    0.000000] Zone ranges:
[    0.000000]   DMA      [mem 0x0000000000001000-0x0000000000ffffff]
[    0.000000]   DMA32    [mem 0x0000000001000000-0x000000003ffeffff]
[    0.000000]   Normal   empty
[    0.000000]   Device   empty
[    0.000000] Movable zone start for each nod
[    0.000000] Early memory node ranges
[    0.000000]   node   0: [mem 0x0000000000001000-0x000000000009efff]
[    0.000000]   node   0: [mem 0x0000000000100000-0x000000003ffeffff]
[    0.000000] Initmem setup node 0 [mem 0x0000000000001000-0x000000003ffeffff]
[    0.000000] Reserveed but unavailable: 98 pages
[    0.000000] ACPI: PM-Timer IO Port: 0x4008
[    0.000000] IOAPIC[0]: apic_id 2, version 32, address 0xfec00000, GSI 0-23
[    0.000000] ACPI: INT_SRC_OVR (bus 0 bus_irq 0 global_irq 2 dfl dfl)
[    0.000000] ACPI: INT_SRC_OVR (bus 0 bus_irq 9 global_irq 9 low level)
[    0.000000] Using ACPI (MADT) for SMP configuration information
[    0.000000] smpboot: Allowing 2 CPUs, 0 hotplug CPUs
[    0.000000] PM: Registered nosave memory: [mem 0x00000000-0x00000fff]
[    0.000000] PM: Registered nosave memory: [mem 0x0009f000-0x0009fff]
[    0.000000] PM: Registered nosave memory: [mem 0x000a0000-0x000effff]
[    0.000000] PM: Registered nosave memory: [mem 0x000f0000-0x000fffff]
[    0.000000] e820: [mem 0x40000000-0xfebfffff] available for PCI devices
[    0.000000] Booting paravirtualized kernel on KVM
[    0.000000] clocksource: refined-jiffies: mask: 0xffffffff max_cycles: 0xffffffff, max_idle_ns: 7645519600211568 ns
[    0.000000] random: get_random_bytes called from start_kernel+0x99/0x4fd with crng_init=0
[    0.000000] setup_percpu: NR_CPUS:8192 nr_cpumask_bits:2 nr_cpu_ids:2 nr_node_ids:1
[    0.000000] percpu: Embedded 46 pages/cpu @        (ptrval) s151552 r8192 d28672 u1048576
[    0.000000] PV qspinlock hash table entries: 256 (order: 0, 4096 bytes)
[    0.000000] Built 1 zonelists, mobility grouping on.  Total pages: 257913
[    0.000000] Policy zone: DMA32
[    0.000000] Kernel command line: BOOT_IMAGE=/boot/vmlinuz-4.15.0-39-generic root=UUID35dd8d0d-6b18-4f03-bb7f-85f521e74694 ro console=tty1 conssole=ttyS0
[    0.000000] Memory: 983068K/1048120Kavailable (1230K kernel code, 2472K rwdata, 4248K rodata, 2408K init, 2416K bss, 65052K reserved, 0K cma-reserved)
[    0.000000] SLUB: HWalign=64, Order=0-3, MinObjects=0, CPUs=2, Nodes=1
[    0.000000] Kernel/User page tables isolation: enabled
[    0.000000] ftrace: allocating 39178 entries in 154 pages
[    0.004000] Hierarchical RCU implementation.
[    0.004000] 	RCU restricting CPUs from NR_CPUS=8192 to nr_cpu_ids=2.
[    0.004000] 	Tasks RCU enabed.
[    0.004000] RCU: Adjusting geometry for rcu_fanout_leaf=16, nr_cpu_ids=2
[    0.004000] NR_IRQS: 524544, nr_irqs: 440, preallocated irqs: 16
[    0.004000] Console: colour VGA+ 80x25
[    0.004000] console [tty1] enabled
[    0.004000] console [ttyS0] enabled
[    0.004000] ACPI: Core revision 20170831
[    0.004000] ACPI: 2 ACPI AML tables successfully acquired and loaded
[    0.004000] APIC: Switch to symmetric I/O mode setup
[    0.004000] x2apic enabled
[    0.004000] Switched APIC routing to physical x2apic.
[    0.004000] ..TIMER: vector=0x30 apic1=0 pin1=2 apic2=-1 pin2=-1
[    0.004006] tsc: Detected 2593.994 MHz processor
[    0.004924] Calibrating delay loop (skipped) preset value.. 5187.98 BogoMIPS (lpj=10375976)
[    0.008004] pid_max: default: 32768 minimum: 301
[    0.008967] Security Framework initialized
[    0.009774] Yama: becoming mindful.
[    0.010386] AppArmor: AppArmor initialized
[    0.012000] Dentry cache hash table entries: 131072 (order: 8, 1048576 bytes)
[    0.012099] Inode-cache hash table entries: 65536 (order: 7, 524288 bytes)
[    0.013219] Mount-cache hash table entries: 2048 (order: 2, 16384 bytes)
[    0.014590] Mountpoint-cache hash table entries: 2048 (order: 2, 16384 bytes)
[    0.016241] mce: CPU supports 0 MCE banks
[    0.016951] Lat level iTLB entries: 4KB 1024, 2MB 1024, 4MB 1024
[    0.020007] Last level dTLB entries: 4KB 1024, 2MB 1024, 4MB 1024, 1GB 4
[    0.021111] Spectre V2 : Mitigation: Full generic retpoline
[    0.021984] Spectre V2 : Spectre v2 / SpectreRSB mitigation: Filling RSB on context switch
[    0.024002] Speculative Store Bypass: Vulnerable
[    0.024864] Freeing SMP alternatives memory: 36K
[    0.028000] smpboot: CPU0: Intel(R) Core(TM) i7-4510U CPU @ 2.00GHz (family: 0x6, model: 0x45, stepping: 0x1)
[    0.028000] Performance Events: unsupported p6 CPU model 69 no PMU driver, software events only.
[    0.028000] Hierarchical SRCU implementation.
[    0.028722] NMI watchdog: Perf event create on CPU 0 failed with -2
[    0.032007] NMI watchdog: Perf NMI watchdog permanently disabled
[    0.036083] smp: Bringing up secondary CPUs ...
[    0.037243] x86: Booting SMP configuration:
[    0.038025] .... node  #0, CPUs:      #1
[    0.004000] kvm-clock: cpu 1, msr 0:3ff44041, secondary cpu clock
[    0.004000] mce: CPU supports 0 MCE banks
[    0.043608] smp: Brought up 1 node, 2 CPUs
[    0.044015] smpboot: Max logical packages: 1
[    0.044933] smpboot: Total of 2 processors activated (10375.97 BogoMIPS)
[    0.046084] devtmpfs: initialized
[    0.046084] x86/mm: Memory block size: 128MB
[    0.048150] evm: security.selinux
[    0.048758] evm: security.SMACK64
[    0.049409] evm: security.SMACK64EXEC
[    0.050195] evm: security.SMACK64TRANSMUTE
[    0.050858] evm: security.SMACK64MMAP
[    0.051486] evm: security.apparmor
[    0.052003] evm: security.ima
[    0.052692] evm: security.capability
[    0.053462] clocksource: jiffies: mask: 0xffffffff max_cycles: 0xffffffff, max_idle_ns: 7645041785100000 ns
[    0.053933] futex hash table entries: 512 (order: 3, 32768 bytes)
[    0.056079] pinctrl core: initialized pinctrl subsystem
[    0.060076] RTC time: 17:25:48, date: 11/15/18
[    0.064063] NET: Registered protocol family 16
[    0.067810] audit: initializing netlink subsys (disabled)
[    0.068036] audit: type=2000 audit(1542302799.827:1): state=initialized audit_enabled=0 res=1
[    0.076008] cpuidle: using governor ladder
[    0.076702] cpuidle: using governor menu
[    0.077427] ACPI: bus type PCI registered
[    0.078128] acpiphp: ACPI Hot Plug PCI Controller Driver version: 0.5
[    0.080018] PCI: Using configuration type 1 for base access
[    0.081058] HugeTLB registered 2.00 MiB page size, pre-allocated 0 pages
[    0.081115] ACPI: Added _OSI(Module Device)
[    0.084005] ACPI: Added _OSI(Processor Device)
[    0.084777] ACPI: Added _OSI(3.0 _SCP Extensions)
[    0.086009] ACPI: Added _OSI(Processor Aggregator Device)
[    0.087134] ACPI: Added _OSI(Linux-Dell-Video)
[    0.088011] ACPI: Added _OSI(Linux-Lenovo-NV-HDMI-Audio)
[    0.089462] ACPI: Executed 1 blocks of module-level executable AML code
[    0.096287] ACPI: Interpreter enabled
[    0.097068] ACPI: (supports S0 S5)
[    0.097771] ACPI: Using IOAPIC for interrupt routing
[    0.099271] PCI: Using host bridge windows from ACPI; if necessary, use "pci=nocrs" and report a bug
[    0.100211] ACPI: Enabled 2 GPEs in block 00 to 07
[    0.111723] ACPI: PCI Root Bridge [PCI0] (domain 0000 [bus 00-ff])
[    0.112011] acpi PNP0A03:00: _OSC: OS supports [ASPM ClockPM Segments MSI]
[    0.116088] acpi PNP0A03:00: _OSC: not requesting OS control; OS requires [ExtendedConfig ASPM ClockPM MSI]
[    0.120040] acpi PNP0A03:00: fail to add MMCONFIG information, can't access extended PCI configuration space under this bridge.
[    0.124841] PCI host bridge to bus 0000:00
[    0.126461] pci_bus 0000:00: root bus resource [io  0x0000-0x0cf7 window]
[    0.128008] pci_bus 0000:00: root bus resource [io  0x0d00-0xffff window]
[    0.129042] pci_bus 0000:00: root bus resource [mem 0x000a0000-0x000bffff window]
[    0.130358] pci_bus 0000:00: root bus resource [mem 0x40000000-0xfdffffff window]
[    0.132011] pci_bus 0000:00: root bus resource [bus 00-ff]
[    0.136118] pci 0000:00:01.1: legacy IDE quirk: reg 0x10: [io  0x01f0-0x01f7]
[    0.137205] pci 0000:00:01.1: legacy IDE quirk: reg 0x14: [io  0x03f6]
[    0.138412] pci 0000:00:01.1: legacy IDE quirk: reg 0x18: [io  0x0170-0x0177]
[    0.140011] pci 0000:00:01.1: legacy IDE quirk: reg 0x1c: [io  0x0376]
[    0.168218] pci 0000:00:07.0: quirk: [io  0x4000-0x403f] claimed by PIIX4 ACPI
[    0.170588] pci 0000:00:07.0: quirk: [io  0x4100-0x410f] claimed by PIIX4 SMB
[    0.185601] ACPI: PCI Interrupt Link [LNKA] (IRQs 5 9 10 *11)
[    0.188143] ACPI: PCI Interrupt Link [LNKB] (IRQs 5 9 *10 11)
[    0.190365] ACPI: PCI Interrupt Link [LNKC] (IRQs 5 *9 10 11)
[    0.192139] ACPI: PCI Interrupt Link [LNKD] (IRQs 5 9 10 *11)
[    0.194072] SCSI subsystem initialized
[    0.195192] pci 0000:00:02.0: vgaarb: setting as boot VGA device
[    0.195192] pci 0000:00:02.0: vgaarb: VGA device added: decodes=io+mem,owns=io+mem,locks=none
[    0.196024] pci 0000:00:02.0: vgaarb: bridge control possible
[    0.200009] vgaarb: loaded
[    0.204040] ACPI: bus type USB registered
[    0.208049] usbcore: registered new interface driver usbfs
[    0.209292] usbcore: registered new interface driver hub
[    0.212015] usbcore: registered new device driver usb
[    0.213315] EDAC MC: Ver: 3.0.0
[    0.213415] PCI: Using ACPI for IRQ routing
[    0.216426] NetLabel: Initializing
[    0.217291] NetLabel:  domain hash size = 128
[    0.220004] NetLabel:  protocols = UNLABELED CIPSOv4 CALIPSO
[    0.221341] NetLabel:  unlabeled traffic allowed by default
[    0.224102] clocksource: Switched to clocksource kvm-clock
[    0.266701] VFS: Disk quotas dquot_6.6.0
[    0.267844] VFS: Dquot-cache hash table entries: 512 (order 0, 4096 bytes)
[    0.269596] AppArmor: AppArmor Filesystem Enabled
[    0.270727] pnp: PnP ACPI init
[    0.2495] pnp: PnP ACPI: found 3 devices

[    0.357266] clocksource: acpi_pm: mask: 0xffffff max_cycles: 0xffffff, max_idle_ns: 2085701024 ns
[    0.359254] NET: Registered protocol family 2
[    0.368859] TCP established hash table entries: 8192 (order: 4, 65536 bytes)
[    0.376752] TCP bind hash table entries: 8192 (order: 5, 131072 bytes)
[    0.378182] TCP: Hash tables configured (established 8192 bind 8192)
[    0.379653] UDP hash table entries: 512 (order: 2, 16384 bytes)
[    0.38111 UDP-Lite hash table entries: 512 (order: 2, 16384 bytes)
[    0.443780] N: Registered protocol family 1
[    0.526627] pci 0000:00:00.0: Limiting direct PCI/PCI transfers
[    0.528048] pci 0000:00:01.0: Activating ISA DMA hang workarounds
[    0.529563] pci 0000:00:02.0: Video device wi shadowed ROM at [mem 0x000c0000-0x000dffff]
[    0.592096] Unpacking initramfs...

[    1.355089] Freeing initrd memory: 19516K
[    1.357880] platform rtc_cmos: registered platform RTC device (no PNP device found)
[    1.359808] Scanning for low memory corruption every 60 seconds
[    1.362281] Initialise system trusted keyrings
[    1.363237] Key type blacklist registered
[    1.364226] workingset: timestamp_bits=36 max_order=18 bucket_order=0
[    1.366860] zbud: loaded
[    1.368220] squashfs: version 4.0 (2009/01/31) Phillip Lougher
[    1.369623] fuse init (API version 7.26)
[    1.374031] Key type asymmetric registered
[    1.375101] Asymmetric key parser 'x509' registered
[    1.376377] Block layer SCSI generic (bsg) driver version 0.4 loaded (major 246)
[    1.377993] io scheduler noop registered
[    1.378829] io scheduler deadline registered
[    1.379837] io scheduler cfq registered (default)
[    1.383379] ACPI: AC Adapter [AC] (on-line)
[    1.386353] input: Power Button as /devices/LNXSYSTM:00/LNXPWRBN:00/input/input0
[    1.395390] ACPI: Power Button [PWRF]
[    1.398124] input: Sleep Button as /devices/LNXSYSTM:00/LNXSLPBN:00/input/input1
[    1.400065] ACPI: Sleep Button [SLPF]
[    1.402326] ACPI: Battery Slot [BAT0] (battery present)
[    1.403766] Serial: 8250/16550 driver, 32 ports, IRQ sharing enabled
[    1.431601] 00:02: ttyS0 at I/O 0x3f8 (irq = 4, base_baud = 115200) is a 16550A
[    1.447280] Linux agpgart interface v0.103
[    1.461242] loop: module loaded
[    1.462425] scsi host0: ata_piix
[    1.464494] scsi host1: ata_piix
[    1.465135] ata1: PATA max UDMA/33 cmd 0x1f0 ctl 0x3f6 bmdma 0xd000 irq 14
[    1.466304] ata2: PATA max UDMA/33 cmd 0x170 ctl 0x376 bmdma 0xd008 irq 15
[    1.483684] libphy: Fixed MDIO Bus: probed
[    1.484501] tun: Universal TUN/TAP device driver, 1.6
[    1.485514] PPP generic driver version 2.4.2
[    1.486388] ehci_hcd: USB 2.0 'Enhanced' Host Controller (EHCI) Driver
[    1.487596] ehci-pci: EHCI PCI platform driver
[    1.488802] ehci-platform: EHCI generic platform driver
[    1.489969] ohci_hcd: USB 1.1 'Open' Host Controller (OHCI) Driver
[    1.491376] ohci-pci: OHCI PCI platform driver
[    1.492443] ohci-platform: OHCI generic platform driver
[    1.493572] uhci_hcd: USB Universal Host Controller Interface driver
[    1.494929] i8042: PNP: PS/2 Controller [PNP0303:PS2K,PNP0f03:PS2M] at 0x60,0x64 irq 1,12
[    1.497122] serio: i8042 KBD port at 0x60,0x64 irq 1
[    1.497967] serio: i8042 AUX port at 0x60,0x64 irq 12
[    1.499013] mousedev: PS/2 mouse device common for all mice
[    1.529023] input: AT Translated Set 2 keyboard as /devices/platform/i8042/serio0/input/input2
[    1.530830] rtc_cmos rtc_cmos: rtc core: registered rtc_cmos as rtc0
[    1.531928] rtc_cmos rtc_cmos: alarms up to one day, 114 bytes nvram
[    1.533025] i2c /dev entries driver
[    1.533641] pcie_mp2_amd: AMD(R) PCI-E MP2 Communication Driver Version: 1.0
[    1.534774] device-mapper: uevent: version 1.0.3
[    1.541982] device-mapper: ioctl: 4.37.0-ioctl (2017-09-20) initialised: dm-devel@redhat.com
[    1.543898] ledtrig-cpu: registered to indicate activity on CPUs
[    1.545777] NET: Registered protocol family 10
[    1.553995] Segment Routing with IPv6
[    1.554967] NET: Registered protocol family 17
[    1.555930] Key type dns_resolver registered
[    1.556917] RAS: Correctable Errors collector initialized.
[    1.557998] sched_clock: Marking stable (1556877594, 0)->(2612369267, -1055491673)
[    1.559748] registered taskstats version 1
[    1.560484] Loading compiled-in X.509 certificates
[    1.563683] Loaded X.509 cert 'Build time autogenerated kernel key: 28c680bedc8638650c29d29ff1fd33ae66a2014d'
[    1.567635] zswap: loaded using pool lzo/zbud
[    1.571777] Key type big_key registered
[    1.572580] Key type trusted registered
[    1.575487] Key type encrypted registered
[    1.576417] AppArmor: AppArmor sha1 policy hashing enabled
[    1.591098] ima: No TPM chip found, activating TPM-bypass! (rc=-19)
[    1.592577] ima: Allocated hash algorithm: sha1
[    1.593338] evm: HMAC attrs: 0x1
[    1.594150]   Magic number: 10:336:441
[    1.594968] rtc_cmos rtc_cmos: setting system clock to 2018-11-15 17:25:50 UTC (1542302750)
[    1.596583] BIOS EDD facility v0.16 2004-Jun-25, 0 devices found
[    1.597553] EDD information not available.
[    1.642795] Freeing unused kernel memory: 2408K
[    1.667266] Write protecting the kernel read-only data: 20480k
[    2.084686] Freeing unused kernel memory: 2008K
[    2.091162] Freeing unused kernel memory: 1896K
[    2.098623] x86/mm: Checked W+X mappings: passed, no W+X pages found.
[    2.108390] x86/mm: Checking user space page tables
[    2.118571] x86/mm: Checked W+X mappings: passed, no W+X pages found.
Loading, please wait...
starting version 237
[    2.323636] Fusion MPT base driver 3.04.20
[    2.337925] Copyright (c) 1999-2008 LSI Corporation
[    2.342671] e1000: Intel(R) PRO/1000 Network Driver - version 7.3.21-k8-NAPI
[    2.358659] e1000: Copyright (c) 1999-2006 Intel Corporation.
[    2.366246] tsc: Refined TSC clocksource calibration: 2593.940 MHz
[    2.367764] clocksource: tsc: mask: 0xffffffffffffffff max_cycles: 0x2563dfa5c1d, max_idle_ns: 440795271112 ns
[    2.428276] Fusion MPT SPI Host driver 3.04.20
[    2.430253] AVX2 version of gcm_enc/dec engaged.
[    2.438951] AES CTR mode by8 optimization enabled
[    2.520171] input: ImExPS/2 Generic Explorer Mouse as /devices/platform/i8042/serio1/input/input4
[    2.990213] e1000 0000:00:03.0 eth0: (PCI:33MHz:32-bit) 02:bb:34:5d:fb:cd
[    2.992839] e1000 0000:00:03.0 eth0: Intel(R) PRO/1000 Network Connection
[    3.000188] e1000 0000:00:03.0 enp0s3: renamed from eth0
[    3.000261] mptbase: ioc0: Initiating bringup
[    3.096876] ioc0: LSI53C1030 A0: Capabilities={Initiator}
[    3.338379] scsi host2: ioc0: LSI53C1030 A0, FwRev=00000000h, Ports=1, MaxQ=256, IRQ=20
[    4.154413] scsi 2:0:0:0: Direct-Access     VBOX     HARDDISK         1.0  PQ: 0 ANSI: 5
[    4.188034] scsi target2:0:0: Beginning Domain Validation
[    4.191564] scsi target2:0:0: Domain Validation skipping write tests
[    4.205963] scsi target2:0:0: Ending Domain Validation
[    4.215801] scsi target2:0:0: asynchronous
[    4.217510] scsi 2:0:1:0: Direct-Access     VBOX     HARDDISK         1.0  PQ: 0 ANSI: 5
[    4.248479] scsi target2:0:1: Beginning Domain Validation
[    4.253081] random: fast init done
[    4.269937] scsi target2:0:1: Domain Validation skipping write tests
[    4.271251] scsi target2:0:1: Ending Domain Validation
[    4.283118] scsi target2:0:1: asynchronous
[    4.290790] random: systemd-udevd: uninitialized urandom read (16 bytes read)
[    4.291949] random: systemd-udevd: uninitialized urandom read (16 bytes read)
[    4.293074] random: systemd-udevd: uninitialized urandom read (16 bytes read)
[    4.295892] sd 2:0:0:0: [sda] 20971520 512-byte logical blocks: (10.7 GB/10.0 GiB)
[    4.306431] sd 2:0:0:0: Attached scsi generic sg0 type 0
[    4.308244] sd 2:0:1:0: Attached scsi generic sg1 type 0
[    4.312915] sd 2:0:0:0: [sda] Write Protect is off
[    4.313049] sd 2:0:0:0: [sda] Incomplete mode parameter data
[    4.313051] sd 2:0:0:0: [sda] Assuming drive cache: write through
[    4.320058] sd 2:0:1:0: [sdb] 20480 512-byte logical blocks: (10.5 MB/10.0 MiB)
[    4.320504] sd 2:0:1:0: [sdb] Write Protect is off
[    4.320672] sd 2:0:1:0: [sdb] Incomplete mode parameter data
[    4.320674] sd 2:0:1:0: [sdb] Assuming drive cache: write through
[    4.371780]  sda: sda1
[    4.374251] sd 2:0:0:0: [sda] Attached SCSI disk
[    4.391143] sd 2:0:1:0: [sdb] Attached SCSI disk
Begin: Loading essential drivers ... [    6.068241] raid6: sse2x1   gen()  6964 MB/s
[    6.116101] raid6: sse2x1   xor()  6460 MB/s
[    6.164398] raid6: sse2x2   gen() 10355 MB/s
[    6.212237] raid6: sse2x2   xor()  5328 MB/s
[    6.260065] raid6: sse2x4   gen() 12170 MB/s
[    6.308390] raid6: sse2x4   xor()  7777 MB/s
[    6.356730] raid6: avx2x1   gen() 16067 MB/s
[    6.408020] raid6: avx2x1   xor()  9206 MB/s
[    6.456277] raid6: avx2x2   gen() 15677 MB/s
[    6.504037] raid6: avx2x2   xor() 10193 MB/s
[    6.552512] raid6: avx2x4   gen() 20014 MB/s
[    6.600364] raid6: avx2x4   xor() 13070 MB/s
[    6.601294] raid6: using algorithm avx2x4 gen() 20014 MB/s
[    6.602334] raid6: .... xor() 13070 MB/s, rmw enabled
[    6.603410] raid6: using avx2x2 recovery algorithm
[    6.605904] xor: automatically using best checksumming function   avx       
[    6.608388] async_tx: api initialized (async)
done.
Begin: Running /scripts/init-premount ... done.
Begin: Mounting root file system ... Begin: Running /scripts/local-top ... done.
Begin: Running /scripts/local-premount ... [    6.666916] Btrfs loaded, crc32c=crc32c-intel
Scanning for Btrfs filesystems
done.
Warning: fsck not present, so skipping root file system
[    7.663541] EXT4-fs (sda1): mounted filesystem with ordered data mode. Opts: (null)
done.
Begin: Running /scripts/local-bottom ... done.
Begin: Running /scripts/init-bottom ... done.
[    9.399269] random: crng init done
[    9.400531] random: 7 urandom warning(s) missed due to ratelimiting
[   14.444312] ip_tables: (C) 2000-2006 Netfilter Core Team
[   14.837584] systemd[1]: systemd 237 running in system mode. (+PAM +AUDIT +SELINUX +IMA +APPARMOR +SMACK +SYSVINIT +UTMP +LIBCRYPTSETUP +GCRYPT +GNUTLS +ACL +XZ +LZ4 +SECCOMP +BLKID +ELFUTILS +KMOD -IDN2 +IDN -PCRE2 default-hierarchy=hybrid)
[   14.852748] systemd[1]: Detected virtualization oracle.
[   14.853809] systemd[1]: Detected architecture x86-64.

Welcome to [1mUbuntu 18.04.1 LTS[0m!

[   15.412263] systemd[1]: Set hostname to <ubuntu-bionic>.
[   22.033815] systemd[1]: Created slice User and Session Slice.
[[0;32m  OK  [0m] Created slice User and Session Slice.
[   22.056169] systemd[1]: Reached target User and Group Name Lookups.
[[0;32m  OK  [0m] Reached target User and Group Name Lookups.
[   22.080419] systemd[1]: Reached target Swap.
[[0;32m  OK  [0m] Reached target Swap.
[   22.093990] systemd[1]: Set up automount Arbitrary Executable File Formats File System Automount Point.
[[0;32m  OK  [0m] Set up automount Arbitrary Executab…rmats File System Automount Point.
[   22.097976] systemd[1]: Created slice System Slice.
[[0;32m  OK  [0m] Created slice System Slice.
[   22.100552] systemd[1]: Listening on Journal Socket.
[[0;32m  OK  [0m] Listening on Journal Socket.
[   22.111000] systemd[1]: Starting Create list of required static device nodes for the current kernel...
         Starting Create list of required st…ce nodes for the current kernel...
[   22.194821] systemd[1]: Starting Set the console keyboard layout...
         Starting Set the console keyboard layout...
[   22.198183] systemd[1]: Starting Uncomplicated firewall...
         Starting Uncomplicated firewall...
[   22.207318] systemd[1]: Listening on Journal Audit Socket.
[[0;32m  OK  [0m] Listening on Journal Audit Socket.
[[0;32m  OK  [0m] Listening on Device-mapper event daemon FIFOs.
[[0;32m  OK  [0m] Listening on udev Kernel Socket.
[[0;32m  OK  [0m] Listening on LVM2 metadata daemon socket.
         Starting Monitoring of LVM2 mirrors…ng dmeventd or progress polling...
[[0;32m  OK  [0m] Listening on Syslog Socket.
[[0;32m  OK  [0m] Listening on udev Control Socket.
         Starting Load Kernel Modules...
         Starting Remount Root and Kernel File Systems...
[[0;32m  OK  [0m] Listening on Network Service Netlink Socket.
         Mounting Kernel Debug File System...
[[0;32m  OK  [0m] Listening on Journal Socket (/dev/log).
         Mounting POSIX Message Queue File System...
[[0;32m  OK  [0m] Listening on /dev/initctl Compatibility Named Pipe.
[[0;32m  OK  [0m] Started Forward Password Requests to Wall Directory Watch.
[[0;32m  OK  [0m] Reached target Slices.
         Starting Journal Service...
         Mounting Huge Pages File System...
[[0;32m  OK  [0m] Reached target System Time Synchronized.
[[0;32m  OK  [0m] Created slice system-postgresql.slice.
[[0;32m  OK  [0m] Created slice system-serial\x2dgetty.slice.
[[0;32m  OK  [0m] Listening on LVM2 poll daemon socket.
         Starting udev Coldplug all Devices...
[[0;32m  OK  [0m] Started Journal Service.
[[0;32m  OK  [0m] Started Create list of required sta…vice nodes for the current kernel.
[[0;32m  OK  [0m] Started Uncomplicated firewall.
         Starting Create Static Device Nodes in /dev...
[[0;32m  OK  [0m] Started udev Coldplug all Devices.
[[0;32m  OK  [0m] Mounted Kernel Debug File System.
[[0;32m  OK  [0m] Mounted POSIX Message Queue File System.
[[0;32m  OK  [0m] Mounted Huge Pages File System.
[[0;32m  OK  [0m] Started Set the console keyboard layout.
[   23.500844] Loading iSCSI transport class v2.0-870.
[   24.026867] EXT4-fs (sda1): re-mounted. Opts: (null)
[[0;32m  OK  [0m] Started Remount Root and Kernel File Systems.
         Starting Initial cloud-init job (pre-networking)...
         Starting Flush Journal to Persistent Storage...
[   24.257329] iscsi: registered transport (tcp)
         Starting Load/Save Random Seed...
[   24.568116] systemd-journald[406]: Received request to flush runtime journal from PID 1
[[0;32m  OK  [0m] Started LVM2 metadata daemon.
[   24.650875] iscsi: registered transport (iser)
[[0;32m  OK  [0m] Started Load Kernel Modules.
         Mounting FUSE Control File System...
         Starting Apply Kernel Variables...
         Mounting Kernel Configuration File System...
[[0;32m  OK  [0m] Mounted FUSE Control File System.
[[0;32m  OK  [0m] Mounted Kernel Configuration File System.
[[0;32m  OK  [0m] Started Load/Save Random Seed.
[[0;32m  OK  [0m] Started Create Static Device Nodes in /dev.
[[0;32m  OK  [0m] Started Monitoring of LVM2 mirrors,…sing dmeventd or progress polling.
         Starting udev Kernel Device Manager...
[[0;32m  OK  [0m] Reached target Local File Systems (Pre).
         Mounting Mount unit for core, revision 5548...
         Mounting Mount unit for heroku, revision 3631...
         Mounting Mount unit for heroku, revision 3656...
[[0;32m  OK  [0m] Reached target Local File Systems.
         Starting ebtables ruleset management...
         Starting Tell Plymouth To Write Out Runtime Data...
         Starting AppArmor initialization...
         Starting Set console font and keymap...
         Mounting Mount unit for core, revision 5742...
         Mounting Mount unit for heroku, revision 3647...
         Mounting Mount unit for core, revision 5662...
[[0;32m  OK  [0m] Started Apply Kernel Variables.
[[0;32m  OK  [0m] Mounted Mount unit for core, revision 5548.
[[0;32m  OK  [0m] Mounted Mount unit for heroku, revision 3631.
[[0;32m  OK  [0m] Mounted Mount unit for heroku, revision 3656.
[[0;32m  OK  [0m] Started Tell Plymouth To Write Out Runtime Data.
[[0;32m  OK  [0m] Mounted Mount unit for core, revision 5742.
[[0;32m  OK  [0m] Started Set console font and keymap.
[[0;32m  OK  [0m] Mounted Mount unit for heroku, revision 3647.
[[0;32m  OK  [0m] Mounted Mount unit for core, revision 5662.
[[0;32m  OK  [0m] Started ebtables ruleset management.
[[0;32m  OK  [0m] Started udev Kernel Device Manager.
[[0;32m  OK  [0m] Started Dispatch Password Requests to Console Directory Watch.
[[0;32m  OK  [0m] Reached target Local Encrypted Volumes.
[[0;32m  OK  [0m] Found device /dev/ttyS0.
[[0;32m  OK  [0m] Listening on Load/Save RF Kill Switch Status /dev/rfkill Watch.
[[0;32m  OK  [0m] Started Flush Journal to Persistent Storage.
         Starting Create Volatile Files and Directories...
[[0;32m  OK  [0m] Started Create Volatile Files and Directories.
         Starting Update UTMP about System Boot/Shutdown...
[[0;32m  OK  [0m] Started Update UTMP about System Boot/Shutdown.
[[0;32m  OK  [0m] Started AppArmor initialization.
[   43.818575] cloud-init[418]: Cloud-init v. 18.3-9-g2e62cb8a-0ubuntu1~18.04.2 running 'init-local' at Thu, 15 Nov 2018 17:26:31 +0000. Up 43.02 seconds.
[[0;32m  OK  [0m] Started Initial cloud-init job (pre-networking).
[[0;32m  OK  [0m] Reached target Network (Pre).
         Starting Network Service...
[[0;32m  OK  [0m] Started Network Service.
         Starting Network Name Resolution...
         Starting Wait for Network to be Configured...
[[0;32m  OK  [0m] Started Network Name Resolution.
[[0;32m  OK  [0m] Reached target Network.
[[0;32m  OK  [0m] Reached target Host and Network Name Lookups.
[[0;32m  OK  [0m] Started Wait for Network to be Configured.
         Starting Initial cloud-init job (metadata service crawler)...
[   47.876227] cloud-init[693]: Cloud-init v. 18.3-9-g2e62cb8a-0ubuntu1~18.04.2 running 'init' at Thu, 15 Nov 2018 17:26:34 +0000. Up 45.70 seconds.
[   47.878225] cloud-init[693]: ci-info: ++++++++++++++++++++++++++++++++++++++Net device info++++++++++++++++++++++++++++++++++++++
[   47.879936] cloud-init[693]: ci-info: +--------+------+----------------------------+---------------+--------+-------------------+
[   47.932174] cloud-init[693]: ci-info: | Device |  Up  |          Address           |      Mask     | Scope  |     Hw-Address    |
[   47.934520] cloud-init[693]: ci-info: +--------+------+----------------------------+---------------+--------+-------------------+
[   47.936816] cloud-init[693]: ci-info: | enp0s3 | True |         10.0.2.15          | 255.255.255.0 | global | 02:bb:34:5d:fb:cd |
[   47.939523] cloud-init[693]: ci-info: | enp0s3 | True | fe80::bb:34ff:fe5d:fbcd/64 |       .       |  link  | 02:bb:34:5d:fb:cd |
[   47.945191] cloud-init[693]: ci-info: |   lo   | True |         127.0.0.1          |   255.0.0.0   |  host  |         .         |
[   47.947498] cloud-init[693]: ci-info: |   lo   | True |          ::1/128           |       .       |  host  |         .         |
[   48.004412] cloud-init[693]: ci-info: +--------+------+----------------------------+---------------+--------+-------------------+
[[0;32m  OK  [0m] Started Initial cloud-init job (metadata service crawler).
[   48.014372] [[0;32m  OK  [0m] Reached target Network is Online.
cloud-init[693]: ci-info: ++++++++++++++++++++++++++++Route IPv4 info+++++++++++++++++++++++++++++
[   48.018789] cloud-init[693]: ci-info: +-------+-------------+----------+-----------------+-----------+-------+
[   48.021325] cloud-init[693]: ci-info: | Route | Destination | Gateway  |     Genmask     | Interface | Flags |
[   48.037604] cloud-init[693]: ci-info: +-------+-------------+----------+-----------------+-----------+-------+
[   48.040108] cloud-init[693]: ci-info: |   0   |   0.0.0.0   | 10.0.2.2 |     0.0.0.0     |   enp0s3  |   UG  |
[   48.042803] cloud-init[693]: ci-info: |   1   |   10.0.2.0  | 0.0.0.0  |  255.255.255.0  |   enp0s3  |   U   |
[   48.045182] cloud-init[693]: ci-info: |   2   |   10.0.2.2  | 0.0.0.0  | 255.255.255.255 |   enp0s3  |   UH  |
[   48.047396] cloud-init[693]: ci-info: +-------+-------------+----------+-----------------+-----------+-------+
[   48.049356] cloud-init[693]: ci-info: +++++++++++++++++++Route IPv6 info+++++++++++++++++++
[   48.051133] cloud-init[693]: ci-info: +-------+-------------+---------+-----------+-------+[[0;32m  OK  [0m] Reached target Remote File Systems (Pre).
[[0;32m  OK  [0m] Reached target Remote File Systems.

         Starting Availability of block devices...
[[0;32m  OK  [0m] Reached target Cloud-config availability.
[[0;32m  OK  [0m] Reached target System Initialization.
[[0;32m  OK  [0m[   48.056194] cloud-init[693]: ci-info: | Route | Destination | Gateway | Interface | Flags |
[   48.091071] cloud-init[693]: ci-info: +-------+-------------+---------+-----------+-------+
[   48.091406] cloud-init[693]: ci-info: |   1   |  fe80::/64  |    ::   |   enp0s3  |   U   |
[   48.092054] cloud-init[693]: ci-info: |   3   |    local    |    ::   |   enp0s3  |   U   |
[   48.092331] cloud-init[693]: ci-info: |   4   |   ff00::/8  |    ::   |   enp0s3  |   U   |
[   48.092671] cloud-init[693]: ci-info: +-------+-------------+---------+-----------+-------+
] Listening on UUID daemon activation socket.
[[0;32m  OK  [0m] Started Message of the Day.
[[0;32m  OK  [0m] Started Daily apt download activities.
         Starting LXD - unix socket.
[[0;32m  OK  [0m] Started ACPI Events Check.
[[0;32m  OK  [0m] Reached target Paths.
[[0;32m  OK  [0m] Started Daily Cleanup of Temporary Directories.
[[0;32m  OK  [0m] Listening on ACPID Listen Socket.
         Starting Socket activation for snappy daemon.
[[0;32m  OK  [0m] Started Daily apt upgrade and clean activities.
[[0;32m  OK  [0m] Listening on D-Bus System Message Bus Socket.
[[0;32m  OK  [0m] Started Discard unused blocks once a week.
[[0;32m  OK  [0m] Reached target Timers.
[[0;32m  OK  [0m] Listening on Open-iSCSI iscsid Socket.
[[0;32m  OK  [0m] Started Availability of block devices.
[[0;32m  OK  [0m] Listening on LXD - unix socket.
[[0;32m  OK  [0m] Listening on Socket activation for snappy daemon.
[[0;32m  OK  [0m] Reached target Sockets.
[[0;32m  OK  [0m] Reached target Basic System.
         Starting vboxadd.service...
[[0;32m  OK  [0m] Started Regular background program processing daemon.
[[0;32m  OK  [0m] Started irqbalance daemon.
         Starting PostgreSQL Cluster 10-main...
[[0;32m  OK  [0m] Started D-Bus System Message Bus.
[[0;32m  OK  [0m] Started Deferred execution scheduler.
         Starting LSB: Record successful boot for GRUB...
         Starting Resets System Activity Data Collector...
         Starting Permit User Sessions...
         Starting Accounts Service...
[[0;32m  OK  [0m] Started FUSE filesystem for LXC.
         Starting Snappy daemon...
         Starting System Logging Service...
         Starting Dispatcher daemon for systemd-networkd...
         Starting MySQL Community Server...
[[0;32m  OK  [0m] Started Unattended Upgrades Shutdown.
         Starting LSB: automatic crash report generation...
         Starting OpenBSD Secure Shell server...
         Starting Login Service...
         Starting LXD - container startup/shutdown...
[[0;32m  OK  [0m] Started Resets System Activity Data Collector.
[[0;32m  OK  [0m] Started Permit User Sessions.
         Starting Hold until boot process finishes up...
         Starting Terminate Plymouth Boot Screen...
[[0;32m  OK  [0m] Started Hold until boot process finishes up.
         Starting Set console scheme...
[[0;32m  OK  [0m] Started Serial Getty on ttyS0.
[[0;32m  OK  [0m] Started Terminate Plymouth Boot Screen.
[[0;32m  OK  [0m] Started Set console scheme.
[[0;32m  OK  [0m] Created slice system-getty.slice.
[[0;32m  OK  [0m] Started Getty on tty1.
[[0;32m  OK  [0m] Reached target Login Prompts.
[[0;32m  OK  [0m] Started Login Service.
[[0;32m  OK  [0m] Started LSB: automatic crash report generation.
         Starting Authorization Manager...
[[0;32m  OK  [0m] Started LSB: Record successful boot for GRUB.

Ubuntu 18.04.1 LTS ubuntu-bionic ttyS0

ubuntu-bionic login: [   71.091141] cloud-init[1412]: Cloud-init v. 18.3-9-g2e62cb8a-0ubuntu1~18.04.2 running 'modules:config' at Thu, 15 Nov 2018 17:26:58 +0000. Up 69.49 seconds.
[   83.266304] cloud-init[1875]: Cloud-init v. 18.3-9-g2e62cb8a-0ubuntu1~18.04.2 running 'modules:final' at Thu, 15 Nov 2018 17:27:11 +0000. Up 82.77 seconds.
[   83.266557] cloud-init[1875]: Cloud-init v. 18.3-9-g2e62cb8a-0ubuntu1~18.04.2 finished at Thu, 15 Nov 2018 17:27:12 +0000. Datasource DataSourceNoCloud [seed=/dev/sdb][dsmode=net].  Up 83.24 seconds
         Mounting Mount unit for heroku, revision 3661...
[[0;32m  OK  [0m] Mounted Mount unit for heroku, revision 3661.
[[0;32m  OK  [0m] Started Daily apt download activities.
         Starting Daily apt upgrade and clean activities...
         Stopping PostgreSQL Cluster 10-main...
[[0;32m  OK  [0m] Stopped PostgreSQL Cluster 10-main.
         Starting PostgreSQL Cluster 10-main...
[[0;32m  OK  [0m] Started PostgreSQL Cluster 10-main.
[[0;32m  OK  [0m] Started Daily apt upgrade and clean activities.
